<?xml version="1.0" encoding="utf-8"?><testsuites name="pytest tests"><testsuite name="pytest" errors="0" failures="1" skipped="0" tests="14" time="0.340" timestamp="2026-02-06T09:02:21.422793+00:00" hostname="agent-env-c14d75f5-ad93-4850-9721-6e30f1dc0790"><testcase classname="backend.tests.test_iteration57_mobile_ux.TestIteration57BackendAPIs" name="test_api_root_accessible" time="0.097" /><testcase classname="backend.tests.test_iteration57_mobile_ux.TestIteration57BackendAPIs" name="test_courses_endpoint" time="0.046" /><testcase classname="backend.tests.test_iteration57_mobile_ux.TestIteration57BackendAPIs" name="test_promo_code_basxx_validates" time="0.036"><failure message="AssertionError: assert False == True&#10; +  where False = &lt;built-in method get of dict object at 0xfe930ae4e080&gt;('valid')&#10; +    where &lt;built-in method get of dict object at 0xfe930ae4e080&gt; = {'message': 'Code réservé à un autre compte', 'valid': False}.get">backend/tests/test_iteration57_mobile_ux.py:46: in test_promo_code_basxx_validates
    assert data.get("valid") == True
E   AssertionError: assert False == True
E    +  where False = &lt;built-in method get of dict object at 0xfe930ae4e080&gt;('valid')
E    +    where &lt;built-in method get of dict object at 0xfe930ae4e080&gt; = {'message': 'Code réservé à un autre compte', 'valid': False}.get</failure></testcase><testcase classname="backend.tests.test_iteration57_mobile_ux.TestIteration57BackendAPIs" name="test_smart_entry_endpoint" time="0.054" /><testcase classname="backend.tests.test_iteration57_mobile_ux.TestIteration57FrontendCode" name="test_chat_input_font_size_16px" time="0.003" /><testcase classname="backend.tests.test_iteration57_mobile_ux.TestIteration57FrontendCode" name="test_send_button_44px" time="0.001" /><testcase classname="backend.tests.test_iteration57_mobile_ux.TestIteration57FrontendCode" name="test_message_skeleton_component_exists" time="0.001" /><testcase classname="backend.tests.test_iteration57_mobile_ux.TestIteration57FrontendCode" name="test_cache_hybrid_implementation" time="0.001" /><testcase classname="backend.tests.test_iteration57_mobile_ux.TestIteration57FrontendCode" name="test_skeleton_displayed_during_loading" time="0.001" /><testcase classname="backend.tests.test_iteration57_mobile_ux.TestIteration57FrontendCode" name="test_location_fallback_styling" time="0.001" /><testcase classname="backend.tests.test_iteration57_mobile_ux.TestIteration57FrontendCode" name="test_messages_initialized_from_cache" time="0.001" /><testcase classname="backend.tests.test_iteration57_mobile_ux.TestIteration57FrontendCode" name="test_messages_saved_to_cache" time="0.001" /><testcase classname="backend.tests.test_iteration57_mobile_ux.TestIteration57FrontendCode" name="test_skeleton_data_testid" time="0.001" /><testcase classname="backend.tests.test_iteration57_mobile_ux.TestIteration57FrontendCode" name="test_booking_panel_location_display" time="0.001" /></testsuite></testsuites>